<?xml version="1.0" encoding="UTF-8"?>
<!-- Generated by org.testng.reporters.JUnitReportReporter -->
<testsuite hostname="C02CW40UMD6T" failures="0" tests="1" name="linkedin.sample.TestScenarioClass" time="20.477" errors="0" timestamp="2022-02-02T00:09:10 PST" skipped="0">
  <testcase classname="linkedin.sample.TestScenarioClass" name="verifyLinkenInLoginLogout" time="20.477"/>
  <system-out/>
</testsuite> <!-- linkedin.sample.TestScenarioClass -->
